<?xml version="1.0" encoding="UTF-8"?>
<!-- Generated by org.testng.reporters.JUnitXMLReporter -->
<testsuite ignored="0" hostname="DESKTOP-PPF45DV" failures="1" tests="2" name="Test" time="47.917" errors="0" timestamp="2021-05-31T15:23:01 IST">
  <testcase classname="com.htc.cleartrip.test.TrainBookingTest" name="LoginTest" time="24.808"/>
  <testcase classname="com.htc.cleartrip.test.TrainBookingTest" name="TrainBookingTest" time="10.701">
    <failure type="org.openqa.selenium.NoSuchFrameException" message="No frame element found by name or id ModalActionPrompt
Build info: version: &amp;apos;3.141.59&amp;apos;, revision: &amp;apos;e82be7d358&amp;apos;, time: &amp;apos;2018-11-14T08:17:03&amp;apos;
System info: host: &amp;apos;DESKTOP-PPF45DV&amp;apos;, ip: &amp;apos;192.168.205.1&amp;apos;, os.name: &amp;apos;Windows 10&amp;apos;, os.arch: &amp;apos;amd64&amp;apos;, os.version: &amp;apos;10.0&amp;apos;, java.version: &amp;apos;15.0.1&amp;apos;
Driver info: driver.version: unknown">
      <![CDATA[org.openqa.selenium.NoSuchFrameException: No frame element found by name or id ModalActionPrompt
Build info: version: '3.141.59', revision: 'e82be7d358', time: '2018-11-14T08:17:03'
System info: host: 'DESKTOP-PPF45DV', ip: '192.168.205.1', os.name: 'Windows 10', os.arch: 'amd64', os.version: '10.0', java.version: '15.0.1'
Driver info: driver.version: unknown
at org.openqa.selenium.remote.RemoteWebDriver$RemoteTargetLocator.frame(RemoteWebDriver.java:885)
at com.htc.cleartrip.base.Basepage.switchtrainframe(Basepage.java:141)
at com.htc.cleartrip.pages.Irctcpage.setname(Irctcpage.java:16)
at com.htc.cleartrip.pages.Irctcpage.Irctc(Irctcpage.java:25)
at com.htc.cleartrip.test.TrainBookingTest.TrainBookingTest(TrainBookingTest.java:38)
at java.base/java.util.ArrayList.forEach(ArrayList.java:1511)
... Removed 27 stack frames]]>
    </failure>
  </testcase> <!-- TrainBookingTest -->
</testsuite> <!-- Test -->
